# Домашнее задание к занятию "12.5. «Индексы»" - "Лохманов М.В."  


### Инструкция по выполнению домашнего задания

   1. Сделайте `fork` данного репозитория к себе в Github и переименуйте его по названию или номеру занятия, например, https://github.com/имя-вашего-репозитория/git-hw или  https://github.com/имя-вашего-репозитория/7-1-ansible-hw).
   2. Выполните клонирование данного репозитория к себе на ПК с помощью команды `git clone`.
   3. Выполните домашнее задание и заполните у себя локально этот файл README.md:
      - впишите вверху название занятия и вашу фамилию и имя
      - в каждом задании добавьте решение в требуемом виде (текст/код/скриншоты/ссылка)
      - для корректного добавления скриншотов воспользуйтесь [инструкцией "Как вставить скриншот в шаблон с решением](https://github.com/netology-code/sys-pattern-homework/blob/main/screen-instruction.md)
      - при оформлении используйте возможности языка разметки md (коротко об этом можно посмотреть в [инструкции  по MarkDown](https://github.com/netology-code/sys-pattern-homework/blob/main/md-instruction.md))
   4. После завершения работы над домашним заданием сделайте коммит (`git commit -m "comment"`) и отправьте его на Github (`git push origin`);
   5. Для проверки домашнего задания преподавателем в личном кабинете прикрепите и отправьте ссылку на решение в виде md-файла в вашем Github.
   6. Любые вопросы по выполнению заданий спрашивайте в чате учебной группы и/или в разделе “Вопросы по заданию” в личном кабинете.
   
Желаем успехов в выполнении домашнего задания!
   
### Дополнительные материалы, которые могут быть полезны для выполнения задания

1. [Руководство по оформлению Markdown файлов](https://gist.github.com/Jekins/2bf2d0638163f1294637#Code)

---

#### Задание 1
Напишите запрос к учебной базе данных, который вернёт процентное отношение общего размера всех индексов к общему размеру всех таблиц.


#### Ответ: 
```mysql  
SELECT  SUM(tt.DATA_LENGTH) , SUM(tt.INDEX_LENGTH), CONCAT(  ROUND ((SUM(tt.INDEX_LENGTH) / SUM(tt.DATA_LENGTH)) *100), ' %')  AS Отношение  
FROM INFORMATION_SCHEMA.TABLES tt  
WHERE  tt.TABLE_SCHEMA = 'sakila' ;  
```
![12.5-1.1](https://github.com/michail-77/12.5-Index/blob/main/image/12.5-1.1.JPG)

## Задание 2
Выполните explain analyze следующего запроса:  
select distinct concat(c.last_name, ' ', c.first_name), sum(p.amount) over (partition by c.customer_id, f.title)  
from payment p, rental r, customer c, inventory i, film f  
where date(p.payment_date) = '2005-07-30' and p.payment_date = r.rental_date and r.customer_id = c.customer_id and i.inventory_id = r.inventory_id  
перечислите узкие места;  
оптимизируйте запрос: внесите корректировки по использованию операторов, при необходимости добавьте индексы.  


#### Ответ: 
Узкие места - операторы distinct, over (partition by c.customer_id, f.title)  
удалить из выборки таблицу film  

```mysql  
select  concat(c.last_name, ' ', c.first_name) as name, sum(p.amount)  
from payment p, rental r, customer c, inventory i  
where date(p.payment_date) = '2005-07-30' and p.payment_date = r.rental_date and r.customer_id = c.customer_id and i.inventory_id = r.inventory_id  
group by name  
```  

-> Table scan on <temporary>  (actual time=70.929..70.967 rows=391 loops=1)  
    -> Aggregate using temporary table  (actual time=70.927..70.927 rows=391 loops=1)  
        -> Nested loop inner join  (cost=16926.89 rows=16520) (actual time=0.539..69.905 rows=642 loops=1)  
            -> Nested loop inner join  (cost=11144.95 rows=15834) (actual time=0.172..38.634 rows=16044 loops=1)  
                -> Nested loop inner join  (cost=5603.05 rows=15834) (actual time=0.166..22.778 rows=16044 loops=1)  
                    -> Table scan on c  (cost=61.15 rows=599) (actual time=0.075..0.357 rows=599 loops=1)  
                    -> Index lookup on r using idx_fk_customer_id (customer_id=c.customer_id)  (cost=6.61 rows=26) (actual time=0.030..0.036 rows=27 loops=599)  
                -> Single-row covering index lookup on i using PRIMARY (inventory_id=r.inventory_id)  (cost=0.25 rows=1) (actual time=0.001..0.001 rows=1 loops=16044)  
            -> Index lookup on p using payment_index (payment_date=r.rental_date), with index condition: (cast(p.payment_date as date) = '2005-07-30')  (cost=0.26 rows=1) (actual time=0.002..0.002 rows=0 loops=16044)  




![12.5-1](https://github.com/michail-77/12.5-Index/blob/main/image/12.5-1.JPG)  
![12.5-2](https://github.com/michail-77/12.5-Index/blob/main/image/12.5-2.JPG)  
![12.5-3](https://github.com/michail-77/12.5-Index/blob/main/image/12.5-3.JPG)  

и т.д.  

### Дополнительные задания (со звёздочкой*)
Эти задания дополнительные, то есть не обязательные к выполнению, и никак не повлияют на получение вами зачёта по этому домашнему заданию. Вы можете их выполнить, если хотите глубже шире разобраться в материале.

### Задание 3*
Самостоятельно изучите, какие типы индексов используются в PostgreSQL. Перечислите те индексы, которые используются в PostgreSQL, а в MySQL — нет.
Приведите ответ в свободной форме.





